<?xml version="1.0" encoding="UTF-8"?>
<!-- Generated by org.testng.reporters.JUnitXMLReporter -->
<testsuite ignored="0" hostname="Neevetha" failures="0" tests="3" name="Test" time="198.148" errors="0" timestamp="2021-10-01T22:49:12 IST">
  <testcase classname="scripts.Videoplayscenario" name="tc3" time="59.221"/>
  <testcase classname="scripts.AddingcourseTocart" name="tc1" time="22.855"/>
  <testcase classname="scripts.FaceBookLike" name="tc2" time="28.815"/>
</testsuite> <!-- Test -->
